TN:
SF:app.js
FNF:0
FNH:0
DA:1,1
DA:2,1
DA:3,1
DA:4,1
DA:5,1
DA:6,1
DA:7,1
DA:8,1
DA:10,1
DA:12,1
DA:13,1
DA:14,1
DA:16,1
DA:17,1
DA:18,1
DA:19,1
DA:21,1
DA:22,1
DA:24,1
LF:19
LH:19
BRF:0
BRH:0
end_of_record
TN:
SF:db.js
FN:4,(anonymous_0)
FNF:1
FNH:1
FNDA:1,(anonymous_0)
DA:1,1
DA:2,1
DA:4,1
DA:5,1
DA:6,1
DA:13,1
DA:15,0
DA:19,1
LF:8
LH:7
BRF:0
BRH:0
end_of_record
TN:
SF:index.js
FN:10,(anonymous_0)
FNF:1
FNH:1
FNDA:1,(anonymous_0)
DA:1,1
DA:2,1
DA:3,1
DA:4,1
DA:6,1
DA:8,1
DA:10,1
DA:11,1
LF:8
LH:8
BRF:0
BRH:0
end_of_record
TN:
SF:controllers/auth.js
FN:6,(anonymous_0)
FN:40,(anonymous_1)
FNF:2
FNH:0
FNDA:0,(anonymous_0)
FNDA:0,(anonymous_1)
DA:1,1
DA:2,1
DA:3,1
DA:4,1
DA:6,1
DA:7,0
DA:9,0
DA:13,0
DA:14,0
DA:19,0
DA:21,0
DA:22,0
DA:25,0
DA:29,0
DA:31,0
DA:40,1
DA:41,0
DA:43,0
DA:44,0
DA:49,0
DA:50,0
DA:55,0
DA:59,0
DA:60,0
DA:65,0
DA:66,0
DA:68,0
DA:73,0
DA:75,0
DA:79,0
DA:81,0
DA:90,1
LF:32
LH:7
BRDA:13,0,0,0
BRDA:13,0,1,0
BRDA:21,1,0,0
BRDA:21,1,1,0
BRDA:43,2,0,0
BRDA:43,2,1,0
BRDA:43,3,0,0
BRDA:43,3,1,0
BRDA:49,4,0,0
BRDA:49,4,1,0
BRDA:49,5,0,0
BRDA:49,5,1,0
BRDA:49,5,2,0
BRDA:59,6,0,0
BRDA:59,6,1,0
BRF:15
BRH:0
end_of_record
TN:
SF:controllers/commentVote.js
FN:4,(anonymous_0)
FN:23,(anonymous_1)
FN:42,(anonymous_2)
FN:49,(anonymous_3)
FN:58,(anonymous_4)
FN:68,(anonymous_5)
FN:87,(anonymous_6)
FN:106,(anonymous_7)
FN:113,(anonymous_8)
FN:122,(anonymous_9)
FN:132,(anonymous_10)
FN:151,(anonymous_11)
FN:161,(anonymous_12)
FN:180,(anonymous_13)
FN:187,(anonymous_14)
FN:196,(anonymous_15)
FN:200,(anonymous_16)
FN:209,(anonymous_17)
FN:228,(anonymous_18)
FN:238,(anonymous_19)
FN:257,(anonymous_20)
FN:264,(anonymous_21)
FN:273,(anonymous_22)
FN:277,(anonymous_23)
FNF:24
FNH:20
FNDA:2,(anonymous_0)
FNDA:3,(anonymous_1)
FNDA:0,(anonymous_2)
FNDA:2,(anonymous_3)
FNDA:4,(anonymous_4)
FNDA:2,(anonymous_5)
FNDA:3,(anonymous_6)
FNDA:0,(anonymous_7)
FNDA:3,(anonymous_8)
FNDA:4,(anonymous_9)
FNDA:1,(anonymous_10)
FNDA:1,(anonymous_11)
FNDA:1,(anonymous_12)
FNDA:0,(anonymous_13)
FNDA:1,(anonymous_14)
FNDA:1,(anonymous_15)
FNDA:2,(anonymous_16)
FNDA:1,(anonymous_17)
FNDA:1,(anonymous_18)
FNDA:1,(anonymous_19)
FNDA:0,(anonymous_20)
FNDA:1,(anonymous_21)
FNDA:1,(anonymous_22)
FNDA:2,(anonymous_23)
DA:1,1
DA:2,1
DA:4,1
DA:5,2
DA:7,2
DA:8,2
DA:10,2
DA:11,0
DA:16,2
DA:17,0
DA:22,2
DA:23,3
DA:26,2
DA:27,0
DA:32,2
DA:34,2
DA:35,0
DA:40,2
DA:41,0
DA:42,0
DA:45,0
DA:47,2
DA:48,2
DA:49,2
DA:52,2
DA:55,2
DA:58,2
DA:59,4
DA:62,2
DA:63,2
DA:65,2
DA:68,1
DA:69,2
DA:71,2
DA:72,2
DA:74,2
DA:75,0
DA:80,2
DA:81,0
DA:86,2
DA:87,3
DA:90,2
DA:91,0
DA:96,2
DA:98,2
DA:99,0
DA:104,2
DA:105,0
DA:106,0
DA:109,0
DA:111,2
DA:112,2
DA:113,3
DA:116,2
DA:119,2
DA:122,2
DA:123,4
DA:126,2
DA:127,2
DA:129,2
DA:132,1
DA:133,1
DA:135,1
DA:136,1
DA:138,1
DA:139,0
DA:144,1
DA:145,0
DA:150,1
DA:151,1
DA:154,1
DA:155,0
DA:160,1
DA:161,1
DA:164,1
DA:165,0
DA:170,1
DA:172,1
DA:173,0
DA:178,1
DA:179,0
DA:180,0
DA:183,0
DA:185,1
DA:186,1
DA:187,1
DA:190,1
DA:193,1
DA:196,1
DA:197,1
DA:200,1
DA:201,2
DA:204,1
DA:205,1
DA:207,1
DA:209,1
DA:210,1
DA:212,1
DA:213,1
DA:215,1
DA:216,0
DA:221,1
DA:222,0
DA:227,1
DA:228,1
DA:231,1
DA:232,0
DA:237,1
DA:238,1
DA:241,1
DA:242,0
DA:247,1
DA:249,1
DA:250,0
DA:255,1
DA:256,0
DA:257,0
DA:260,0
DA:262,1
DA:263,1
DA:264,1
DA:267,1
DA:270,1
DA:273,1
DA:274,1
DA:277,1
DA:278,2
DA:281,1
DA:282,1
DA:284,1
DA:287,1
LF:131
LH:101
BRDA:10,0,0,0
BRDA:10,0,1,2
BRDA:16,1,0,0
BRDA:16,1,1,2
BRDA:26,2,0,0
BRDA:26,2,1,2
BRDA:34,3,0,0
BRDA:34,3,1,2
BRDA:40,4,0,0
BRDA:40,4,1,2
BRDA:59,5,0,2
BRDA:59,5,1,2
BRDA:74,6,0,0
BRDA:74,6,1,2
BRDA:80,7,0,0
BRDA:80,7,1,2
BRDA:90,8,0,0
BRDA:90,8,1,2
BRDA:98,9,0,0
BRDA:98,9,1,2
BRDA:104,10,0,0
BRDA:104,10,1,2
BRDA:123,11,0,2
BRDA:123,11,1,2
BRDA:138,12,0,0
BRDA:138,12,1,1
BRDA:144,13,0,0
BRDA:144,13,1,1
BRDA:154,14,0,0
BRDA:154,14,1,1
BRDA:164,15,0,0
BRDA:164,15,1,1
BRDA:172,16,0,0
BRDA:172,16,1,1
BRDA:178,17,0,0
BRDA:178,17,1,1
BRDA:197,18,0,0
BRDA:197,18,1,1
BRDA:201,19,0,1
BRDA:201,19,1,1
BRDA:215,20,0,0
BRDA:215,20,1,1
BRDA:221,21,0,0
BRDA:221,21,1,1
BRDA:231,22,0,0
BRDA:231,22,1,1
BRDA:241,23,0,0
BRDA:241,23,1,1
BRDA:249,24,0,0
BRDA:249,24,1,1
BRDA:255,25,0,0
BRDA:255,25,1,1
BRDA:274,26,0,0
BRDA:274,26,1,1
BRDA:278,27,0,1
BRDA:278,27,1,1
BRF:56
BRH:32
end_of_record
TN:
SF:controllers/post.js
FN:8,(anonymous_0)
FN:56,(anonymous_1)
FN:72,(anonymous_2)
FN:73,(anonymous_3)
FN:95,(anonymous_4)
FN:136,(anonymous_5)
FN:156,(anonymous_6)
FN:203,(anonymous_7)
FN:231,(anonymous_8)
FN:277,(anonymous_9)
FN:306,(anonymous_10)
FN:338,(anonymous_11)
FN:341,(anonymous_12)
FNF:13
FNH:3
FNDA:1,(anonymous_0)
FNDA:0,(anonymous_1)
FNDA:0,(anonymous_2)
FNDA:0,(anonymous_3)
FNDA:0,(anonymous_4)
FNDA:7,(anonymous_5)
FNDA:0,(anonymous_6)
FNDA:0,(anonymous_7)
FNDA:1,(anonymous_8)
FNDA:0,(anonymous_9)
FNDA:0,(anonymous_10)
FNDA:0,(anonymous_11)
FNDA:0,(anonymous_12)
DA:1,1
DA:2,1
DA:3,1
DA:4,1
DA:5,1
DA:6,1
DA:8,1
DA:9,1
DA:10,1
DA:11,1
DA:14,1
DA:16,0
DA:17,0
DA:19,0
DA:20,0
DA:22,0
DA:23,0
DA:25,1
DA:26,1
DA:28,0
DA:29,0
DA:31,0
DA:32,0
DA:34,0
DA:37,1
DA:38,1
DA:39,1
DA:47,1
DA:53,1
DA:56,1
DA:57,0
DA:58,0
DA:60,0
DA:61,0
DA:62,0
DA:67,0
DA:71,0
DA:72,0
DA:73,0
DA:75,0
DA:76,0
DA:86,0
DA:92,0
DA:95,1
DA:96,0
DA:97,0
DA:98,0
DA:100,0
DA:117,0
DA:118,0
DA:119,0
DA:127,0
DA:133,0
DA:136,1
DA:137,7
DA:139,7
DA:140,7
DA:141,0
DA:146,7
DA:153,7
DA:156,1
DA:164,0
DA:166,0
DA:173,0
DA:174,0
DA:176,0
DA:177,0
DA:182,0
DA:183,0
DA:188,0
DA:197,0
DA:198,0
DA:204,0
DA:208,0
DA:214,0
DA:216,0
DA:217,0
DA:219,0
DA:220,0
DA:221,0
DA:223,0
DA:228,0
DA:231,1
DA:232,1
DA:234,1
DA:236,1
DA:237,1
DA:239,1
DA:240,0
DA:245,1
DA:246,0
DA:251,1
DA:252,0
DA:255,1
DA:262,1
DA:264,1
DA:265,1
DA:268,0
DA:269,0
DA:272,0
DA:278,0
DA:282,0
DA:286,0
DA:290,0
DA:293,1
DA:295,1
DA:296,1
DA:303,1
DA:306,1
DA:307,0
DA:309,0
DA:310,0
DA:312,0
DA:313,0
DA:318,0
DA:319,0
DA:324,0
DA:325,0
DA:328,0
DA:330,0
DA:331,0
DA:336,0
DA:338,0
DA:339,0
DA:341,0
DA:342,0
DA:344,0
DA:347,1
LF:128
LH:45
BRDA:14,0,0,0
BRDA:14,0,1,0
BRDA:14,0,2,0
BRDA:14,0,3,1
BRDA:14,0,4,0
BRDA:14,0,5,0
BRDA:14,0,6,0
BRDA:61,1,0,0
BRDA:61,1,1,0
BRDA:140,2,0,0
BRDA:140,2,1,7
BRDA:176,3,0,0
BRDA:176,3,1,0
BRDA:182,4,0,0
BRDA:182,4,1,0
BRDA:197,5,0,0
BRDA:197,5,1,0
BRDA:204,6,0,0
BRDA:204,6,1,0
BRDA:239,7,0,0
BRDA:239,7,1,1
BRDA:245,8,0,0
BRDA:245,8,1,1
BRDA:251,9,0,0
BRDA:251,9,1,1
BRDA:262,10,0,1
BRDA:262,10,1,0
BRDA:262,10,2,0
BRDA:262,10,3,0
BRDA:278,11,0,0
BRDA:278,11,1,0
BRDA:312,12,0,0
BRDA:312,12,1,0
BRDA:318,13,0,0
BRDA:318,13,1,0
BRDA:324,14,0,0
BRDA:324,14,1,0
BRDA:330,15,0,0
BRDA:330,15,1,0
BRF:39
BRH:6
end_of_record
TN:
SF:controllers/postComment.js
FN:5,(anonymous_0)
FN:48,(anonymous_1)
FN:67,(anonymous_2)
FN:80,(anonymous_3)
FN:87,(anonymous_4)
FN:111,(anonymous_5)
FN:127,(anonymous_6)
FN:135,(anonymous_7)
FN:159,(anonymous_8)
FN:175,(anonymous_9)
FN:189,(anonymous_10)
FN:196,(anonymous_11)
FN:215,(anonymous_12)
FN:225,(anonymous_13)
FN:239,(anonymous_14)
FN:242,(anonymous_15)
FN:250,(anonymous_16)
FN:274,(anonymous_17)
FN:284,(anonymous_18)
FN:300,(anonymous_19)
FN:304,(anonymous_20)
FNF:21
FNH:13
FNDA:2,(anonymous_0)
FNDA:0,(anonymous_1)
FNDA:0,(anonymous_2)
FNDA:0,(anonymous_3)
FNDA:1,(anonymous_4)
FNDA:1,(anonymous_5)
FNDA:1,(anonymous_6)
FNDA:2,(anonymous_7)
FNDA:2,(anonymous_8)
FNDA:3,(anonymous_9)
FNDA:2,(anonymous_10)
FNDA:1,(anonymous_11)
FNDA:1,(anonymous_12)
FNDA:1,(anonymous_13)
FNDA:1,(anonymous_14)
FNDA:1,(anonymous_15)
FNDA:0,(anonymous_16)
FNDA:0,(anonymous_17)
FNDA:0,(anonymous_18)
FNDA:0,(anonymous_19)
FNDA:0,(anonymous_20)
DA:1,1
DA:2,1
DA:3,1
DA:5,1
DA:6,2
DA:7,2
DA:9,2
DA:10,0
DA:13,2
DA:14,2
DA:16,2
DA:17,0
DA:22,2
DA:23,0
DA:28,2
DA:34,2
DA:35,2
DA:36,2
DA:40,2
DA:41,2
DA:42,2
DA:44,2
DA:45,2
DA:48,1
DA:49,0
DA:51,0
DA:52,0
DA:54,0
DA:55,0
DA:60,0
DA:61,0
DA:66,0
DA:67,0
DA:70,0
DA:71,0
DA:76,0
DA:77,0
DA:80,0
DA:81,0
DA:83,0
DA:84,0
DA:87,1
DA:88,1
DA:89,1
DA:91,1
DA:92,0
DA:95,1
DA:96,1
DA:98,1
DA:99,0
DA:104,1
DA:105,0
DA:110,1
DA:111,1
DA:114,1
DA:115,0
DA:120,1
DA:121,0
DA:124,1
DA:125,1
DA:127,1
DA:128,1
DA:131,1
DA:132,1
DA:135,1
DA:136,2
DA:137,2
DA:139,2
DA:140,0
DA:143,2
DA:144,2
DA:146,2
DA:147,0
DA:152,2
DA:153,0
DA:158,2
DA:159,2
DA:162,2
DA:163,0
DA:168,2
DA:175,2
DA:176,3
DA:178,2
DA:179,2
DA:180,2
DA:184,2
DA:185,2
DA:186,2
DA:188,2
DA:189,2
DA:192,2
DA:193,2
DA:196,1
DA:197,1
DA:199,1
DA:200,1
DA:202,1
DA:203,0
DA:208,1
DA:209,0
DA:214,1
DA:215,1
DA:218,1
DA:219,0
DA:224,1
DA:225,1
DA:228,1
DA:229,0
DA:234,1
DA:235,0
DA:238,1
DA:239,1
DA:242,1
DA:243,1
DA:245,1
DA:247,1
DA:248,1
DA:250,1
DA:251,0
DA:252,0
DA:254,0
DA:255,0
DA:258,0
DA:259,0
DA:261,0
DA:262,0
DA:267,0
DA:268,0
DA:273,0
DA:274,0
DA:277,0
DA:278,0
DA:283,0
DA:284,0
DA:287,0
DA:288,0
DA:293,0
DA:294,0
DA:297,0
DA:298,0
DA:300,0
DA:301,0
DA:304,0
DA:305,0
DA:308,0
DA:309,0
DA:312,1
LF:147
LH:85
BRDA:9,0,0,0
BRDA:9,0,1,2
BRDA:16,1,0,0
BRDA:16,1,1,2
BRDA:22,2,0,0
BRDA:22,2,1,2
BRDA:54,3,0,0
BRDA:54,3,1,0
BRDA:60,4,0,0
BRDA:60,4,1,0
BRDA:70,5,0,0
BRDA:70,5,1,0
BRDA:76,6,0,0
BRDA:76,6,1,0
BRDA:91,7,0,0
BRDA:91,7,1,1
BRDA:98,8,0,0
BRDA:98,8,1,1
BRDA:104,9,0,0
BRDA:104,9,1,1
BRDA:114,10,0,0
BRDA:114,10,1,1
BRDA:120,11,0,0
BRDA:120,11,1,1
BRDA:128,12,0,0
BRDA:128,12,1,1
BRDA:139,13,0,0
BRDA:139,13,1,2
BRDA:146,14,0,0
BRDA:146,14,1,2
BRDA:152,15,0,0
BRDA:152,15,1,2
BRDA:162,16,0,0
BRDA:162,16,1,2
BRDA:176,17,0,1
BRDA:176,17,1,2
BRDA:202,18,0,0
BRDA:202,18,1,1
BRDA:208,19,0,0
BRDA:208,19,1,1
BRDA:218,20,0,0
BRDA:218,20,1,1
BRDA:228,21,0,0
BRDA:228,21,1,1
BRDA:234,22,0,0
BRDA:234,22,1,1
BRDA:243,23,0,0
BRDA:243,23,1,1
BRDA:254,24,0,0
BRDA:254,24,1,0
BRDA:261,25,0,0
BRDA:261,25,1,0
BRDA:267,26,0,0
BRDA:267,26,1,0
BRDA:277,27,0,0
BRDA:277,27,1,0
BRDA:287,28,0,0
BRDA:287,28,1,0
BRDA:293,29,0,0
BRDA:293,29,1,0
BRDA:301,30,0,0
BRDA:301,30,1,0
BRDA:305,31,0,0
BRDA:305,31,1,0
BRF:64
BRH:21
end_of_record
TN:
SF:controllers/postVote.js
FN:5,(anonymous_0)
FN:33,(anonymous_1)
FN:40,(anonymous_2)
FN:63,(anonymous_3)
FN:91,(anonymous_4)
FN:98,(anonymous_5)
FNF:6
FNH:3
FNDA:1,(anonymous_0)
FNDA:0,(anonymous_1)
FNDA:0,(anonymous_2)
FNDA:1,(anonymous_3)
FNDA:0,(anonymous_4)
FNDA:2,(anonymous_5)
DA:1,1
DA:2,1
DA:3,1
DA:5,1
DA:6,1
DA:8,1
DA:9,1
DA:11,1
DA:12,0
DA:17,1
DA:18,0
DA:23,1
DA:25,1
DA:26,0
DA:31,1
DA:32,0
DA:33,0
DA:36,0
DA:38,1
DA:39,1
DA:40,0
DA:43,1
DA:46,1
DA:52,1
DA:53,1
DA:54,1
DA:55,1
DA:57,1
DA:58,1
DA:60,1
DA:63,1
DA:64,1
DA:66,1
DA:67,1
DA:69,1
DA:70,0
DA:75,1
DA:76,0
DA:81,1
DA:83,1
DA:84,0
DA:89,1
DA:90,0
DA:91,0
DA:94,0
DA:96,1
DA:97,1
DA:98,2
DA:101,1
DA:104,1
DA:110,1
DA:111,1
DA:112,1
DA:113,1
DA:115,1
DA:116,1
DA:118,1
DA:121,1
LF:58
LH:45
BRDA:11,0,0,0
BRDA:11,0,1,1
BRDA:17,1,0,0
BRDA:17,1,1,1
BRDA:25,2,0,0
BRDA:25,2,1,1
BRDA:31,3,0,0
BRDA:31,3,1,1
BRDA:69,4,0,0
BRDA:69,4,1,1
BRDA:75,5,0,0
BRDA:75,5,1,1
BRDA:83,6,0,0
BRDA:83,6,1,1
BRDA:89,7,0,0
BRDA:89,7,1,1
BRF:16
BRH:8
end_of_record
TN:
SF:controllers/subreddit.js
FN:7,(anonymous_0)
FN:12,(anonymous_1)
FN:74,(anonymous_2)
FN:83,(anonymous_3)
FN:119,(anonymous_4)
FN:154,(anonymous_5)
FN:162,(anonymous_6)
FN:166,(anonymous_7)
FNF:8
FNH:5
FNDA:2,(anonymous_0)
FNDA:3,(anonymous_1)
FNDA:2,(anonymous_2)
FNDA:0,(anonymous_3)
FNDA:1,(anonymous_4)
FNDA:1,(anonymous_5)
FNDA:0,(anonymous_6)
FNDA:0,(anonymous_7)
DA:1,1
DA:2,1
DA:3,1
DA:5,1
DA:7,1
DA:8,2
DA:9,2
DA:12,1
DA:13,3
DA:14,3
DA:15,3
DA:16,3
DA:19,3
DA:21,0
DA:22,0
DA:24,0
DA:25,0
DA:27,0
DA:28,0
DA:30,3
DA:31,3
DA:33,0
DA:34,0
DA:36,0
DA:37,0
DA:39,0
DA:42,3
DA:46,3
DA:47,0
DA:52,3
DA:56,3
DA:57,3
DA:65,3
DA:71,3
DA:74,1
DA:75,2
DA:80,2
DA:83,1
DA:84,0
DA:86,0
DA:87,0
DA:88,0
DA:93,0
DA:97,0
DA:98,0
DA:103,0
DA:111,0
DA:113,0
DA:114,0
DA:116,0
DA:119,1
DA:120,1
DA:121,1
DA:123,1
DA:124,0
DA:129,1
DA:130,1
DA:132,1
DA:133,0
DA:138,1
DA:139,0
DA:144,1
DA:145,0
DA:148,1
DA:150,1
DA:151,1
DA:154,1
DA:155,1
DA:157,1
DA:158,1
DA:160,1
DA:161,0
DA:162,0
DA:165,0
DA:166,0
DA:169,1
DA:171,1
DA:174,1
DA:176,1
DA:177,1
DA:179,1
DA:182,1
LF:82
LH:50
BRDA:19,0,0,0
BRDA:19,0,1,0
BRDA:19,0,2,0
BRDA:19,0,3,3
BRDA:19,0,4,0
BRDA:19,0,5,0
BRDA:19,0,6,0
BRDA:46,1,0,0
BRDA:46,1,1,3
BRDA:87,2,0,0
BRDA:87,2,1,0
BRDA:97,3,0,0
BRDA:97,3,1,0
BRDA:123,4,0,0
BRDA:123,4,1,1
BRDA:132,5,0,0
BRDA:132,5,1,1
BRDA:138,6,0,0
BRDA:138,6,1,1
BRDA:144,7,0,0
BRDA:144,7,1,1
BRDA:160,8,0,0
BRDA:160,8,1,1
BRF:23
BRH:7
end_of_record
TN:
SF:controllers/user.js
FN:6,(anonymous_0)
FN:40,(anonymous_1)
FN:62,(anonymous_2)
FN:77,(anonymous_3)
FNF:4
FNH:0
FNDA:0,(anonymous_0)
FNDA:0,(anonymous_1)
FNDA:0,(anonymous_2)
FNDA:0,(anonymous_3)
DA:1,1
DA:2,1
DA:3,1
DA:4,1
DA:6,1
DA:7,0
DA:8,0
DA:9,0
DA:11,0
DA:15,0
DA:16,0
DA:21,0
DA:22,0
DA:23,0
DA:31,0
DA:37,0
DA:40,1
DA:41,0
DA:43,0
DA:44,0
DA:49,0
DA:51,0
DA:52,0
DA:57,0
DA:63,0
DA:67,0
DA:73,0
DA:74,0
DA:77,1
DA:78,0
DA:80,0
DA:81,0
DA:86,0
DA:92,0
DA:93,0
DA:96,1
LF:36
LH:8
BRDA:15,0,0,0
BRDA:15,0,1,0
BRDA:43,1,0,0
BRDA:43,1,1,0
BRDA:51,2,0,0
BRDA:51,2,1,0
BRDA:63,3,0,0
BRDA:63,3,1,0
BRDA:80,4,0,0
BRDA:80,4,1,0
BRF:10
BRH:0
end_of_record
TN:
SF:models/post.js
FNF:0
FNH:0
DA:1,1
DA:2,1
DA:4,1
DA:33,1
DA:63,1
DA:144,1
DA:145,1
DA:146,1
DA:148,1
LF:9
LH:9
BRF:0
BRH:0
end_of_record
TN:
SF:models/subreddit.js
FNF:0
FNH:0
DA:1,1
DA:2,1
DA:3,1
DA:5,1
DA:44,1
DA:47,1
DA:49,1
LF:7
LH:7
BRF:0
BRH:0
end_of_record
TN:
SF:models/user.js
FNF:0
FNH:0
DA:1,1
DA:2,1
DA:3,1
DA:4,1
DA:6,1
DA:67,1
DA:70,1
DA:72,1
LF:8
LH:8
BRF:0
BRH:0
end_of_record
TN:
SF:routes/auth.js
FNF:0
FNH:0
DA:1,1
DA:2,1
DA:4,1
DA:6,1
DA:7,1
DA:9,1
LF:6
LH:6
BRF:0
BRH:0
end_of_record
TN:
SF:routes/post.js
FNF:0
FNH:0
DA:1,1
DA:2,1
DA:11,1
DA:12,1
DA:20,1
DA:26,1
DA:28,1
DA:31,1
DA:32,1
DA:33,1
DA:34,1
DA:35,1
DA:36,1
DA:37,1
DA:40,1
DA:41,1
DA:44,1
DA:45,1
DA:46,1
DA:47,1
DA:48,1
DA:49,1
DA:52,1
DA:53,1
DA:54,1
DA:55,1
DA:61,1
LF:27
LH:27
BRF:0
BRH:0
end_of_record
TN:
SF:routes/subreddit.js
FNF:0
FNH:0
DA:1,1
DA:2,1
DA:10,1
DA:12,1
DA:14,1
DA:15,1
DA:16,1
DA:17,1
DA:18,1
DA:19,1
DA:21,1
LF:11
LH:11
BRF:0
BRH:0
end_of_record
TN:
SF:routes/user.js
FNF:0
FNH:0
DA:1,1
DA:2,1
DA:7,1
DA:9,1
DA:11,1
DA:12,1
DA:13,1
DA:15,1
LF:8
LH:8
BRF:0
BRH:0
end_of_record
TN:
SF:utils/config.js
FNF:0
FNH:0
DA:1,1
DA:2,1
DA:4,1
DA:5,1
DA:6,1
DA:7,1
DA:9,1
DA:15,1
LF:8
LH:8
BRDA:7,0,0,1
BRDA:7,0,1,1
BRF:2
BRH:2
end_of_record
TN:
SF:utils/middleware.js
FN:4,(anonymous_0)
FN:30,(anonymous_1)
FN:34,(anonymous_2)
FNF:3
FNH:2
FNDA:17,(anonymous_0)
FNDA:3,(anonymous_1)
FNDA:0,(anonymous_2)
DA:1,1
DA:2,1
DA:4,1
DA:5,17
DA:6,17
DA:8,17
DA:9,0
DA:14,17
DA:16,17
DA:17,0
DA:22,17
DA:24,17
DA:26,0
DA:30,1
DA:31,3
DA:34,1
DA:35,0
DA:37,0
DA:38,0
DA:39,0
DA:40,0
DA:41,0
DA:42,0
DA:44,0
DA:47,0
DA:50,1
LF:26
LH:14
BRDA:8,0,0,0
BRDA:8,0,1,17
BRDA:16,1,0,0
BRDA:16,1,1,17
BRDA:37,2,0,0
BRDA:37,2,1,0
BRDA:37,3,0,0
BRDA:37,3,1,0
BRDA:39,4,0,0
BRDA:39,4,1,0
BRDA:41,5,0,0
BRDA:41,5,1,0
BRF:12
BRH:2
end_of_record
TN:
SF:utils/numOfComments.js
FN:1,(anonymous_0)
FN:3,(anonymous_1)
FN:4,(anonymous_2)
FNF:3
FNH:3
FNDA:5,(anonymous_0)
FNDA:7,(anonymous_1)
FNDA:7,(anonymous_2)
DA:1,1
DA:2,5
DA:3,7
DA:4,7
DA:6,5
DA:9,1
LF:6
LH:6
BRF:0
BRH:0
end_of_record
TN:
SF:utils/paginateResults.js
FN:1,(anonymous_0)
FNF:1
FNH:1
FNDA:4,(anonymous_0)
DA:1,1
DA:2,4
DA:3,4
DA:4,4
DA:6,4
DA:7,0
DA:13,4
DA:14,0
DA:20,4
DA:27,1
LF:10
LH:8
BRDA:6,0,0,0
BRDA:6,0,1,4
BRDA:13,1,0,0
BRDA:13,1,1,4
BRF:4
BRH:2
end_of_record
TN:
SF:utils/pointsCalculator.js
FN:1,(anonymous_0)
FNF:1
FNH:1
FNDA:2,(anonymous_0)
DA:1,1
DA:2,2
DA:3,2
DA:5,2
DA:6,1
DA:8,1
DA:11,2
DA:13,2
DA:14,1
DA:16,1
DA:19,2
DA:22,2
DA:25,2
DA:28,1
LF:14
LH:14
BRDA:5,0,0,1
BRDA:5,0,1,1
BRDA:13,1,0,1
BRDA:13,1,1,1
BRF:4
BRH:4
end_of_record
TN:
SF:utils/postTypeValidator.js
FN:3,(anonymous_0)
FN:10,(anonymous_1)
FN:17,(anonymous_2)
FN:24,(anonymous_3)
FNF:4
FNH:2
FNDA:1,(anonymous_0)
FNDA:0,(anonymous_1)
FNDA:0,(anonymous_2)
FNDA:1,(anonymous_3)
DA:1,1
DA:3,1
DA:4,1
DA:5,0
DA:7,1
DA:10,1
DA:11,0
DA:12,0
DA:14,0
DA:17,1
DA:18,0
DA:19,0
DA:21,0
DA:24,1
DA:25,1
DA:27,1
DA:33,0
DA:39,0
DA:45,0
DA:51,1
LF:20
LH:10
BRDA:4,0,0,0
BRDA:4,0,1,1
BRDA:11,1,0,0
BRDA:11,1,1,0
BRDA:11,2,0,0
BRDA:11,2,1,0
BRDA:18,3,0,0
BRDA:18,3,1,0
BRDA:25,4,0,1
BRDA:25,4,1,0
BRDA:25,4,2,0
BRDA:25,4,3,0
BRF:12
BRH:2
end_of_record
TN:
SF:utils/schemaCleaner.js
FN:1,(anonymous_0)
FN:3,(anonymous_1)
FNF:2
FNH:2
FNDA:5,(anonymous_0)
FNDA:55,(anonymous_1)
DA:1,1
DA:2,5
DA:4,55
DA:5,55
DA:6,55
DA:7,55
DA:12,1
LF:7
LH:7
BRF:0
BRH:0
end_of_record
